firebase_todo/build/app/intermediates/manifest_merge_blame_file/debug/manifest-merger-blame-debug-report.txt
1<?xml version="1.0" encoding="utf-8"?>
2<manifest xmlns:android="http://schemas.android.com/apk/res/android"
3    package="com.example.firebase_todo"
4    android:versionCode="1"
5    android:versionName="1.0.0" >
6
7    <uses-sdk
8        android:minSdkVersion="30"
9        android:targetSdkVersion="33" />
10    <!--
11         The INTERNET permission is required for development. Specifically,
12         the Flutter tool needs it to communicate with the running application
13         to allow setting breakpoints, to provide hot reload, etc.
14    -->
15    <uses-permission android:name="android.permission.INTERNET" />
15-->src\debug\AndroidManifest.xml:7:5-66
15-->src\debug\AndroidManifest.xml:7:22-64
16    <!-- Although the *SdkVersion is captured in gradle build files, this is required for non gradle builds -->
17    <!-- <uses-sdk android:minSdkVersion="14" /> -->
18    <uses-permission android:name="android.permission.ACCESS_NETWORK_STATE" />
18-->[com.google.firebase:firebase-firestore:24.4.5] AndroidManifest.xml:12:5-79
18-->[com.google.firebase:firebase-firestore:24.4.5] AndroidManifest.xml:12:22-76
19    <uses-permission android:name="android.permission.WAKE_LOCK" />
19-->[com.google.android.gms:play-services-measurement-api:21.2.1] AndroidManifest.xml:24:5-68
19-->[com.google.android.gms:play-services-measurement-api:21.2.1] AndroidManifest.xml:24:22-65
20    <uses-permission android:name="com.google.android.gms.permission.AD_ID" />
20-->[com.google.android.gms:play-services-measurement-api:21.2.1] AndroidManifest.xml:25:5-79
20-->[com.google.android.gms:play-services-measurement-api:21.2.1] AndroidManifest.xml:25:22-76
21    <uses-permission android:name="com.google.android.finsky.permission.BIND_GET_INSTALL_REFERRER_SERVICE" />
21-->[com.google.android.gms:play-services-measurement:21.2.1] AndroidManifest.xml:26:5-110
21-->[com.google.android.gms:play-services-measurement:21.2.1] AndroidManifest.xml:26:22-107
22
23    <application
24        android:name="android.app.Application"
25        android:appComponentFactory="androidx.core.app.CoreComponentFactory"
25-->[androidx.core:core:1.6.0] AndroidManifest.xml:24:18-86
26        android:debuggable="true"
27        android:extractNativeLibs="false"
28        android:icon="@mipmap/ic_launcher"
29        android:label="firebase_todo" >
30        <activity
31            android:name="com.example.firebase_todo.MainActivity"
32            android:configChanges="orientation|keyboardHidden|keyboard|screenSize|smallestScreenSize|locale|layoutDirection|fontScale|screenLayout|density|uiMode"
33            android:exported="true"
34            android:hardwareAccelerated="true"
35            android:launchMode="singleTop"
36            android:theme="@style/LaunchTheme"
37            android:windowSoftInputMode="adjustResize" >
38
39            <!--
40                 Specifies an Android theme to apply to this Activity as soon as
41                 the Android process has started. This theme is visible to the user
42                 while the Flutter UI initializes. After that, this theme continues
43                 to determine the Window background behind the Flutter UI.
44            -->
45            <meta-data
46                android:name="io.flutter.embedding.android.NormalTheme"
47                android:resource="@style/NormalTheme" />
48
49            <intent-filter>
50                <action android:name="android.intent.action.MAIN" />
51
52                <category android:name="android.intent.category.LAUNCHER" />
53            </intent-filter>
54        </activity>
55        <!--
56             Don't delete the meta-data below.
57             This is used by the Flutter tool to generate GeneratedPluginRegistrant.java
58        -->
59        <meta-data
60            android:name="flutterEmbedding"
61            android:value="2" />
62
63        <service
63-->[:cloud_firestore] AndroidManifest.xml:10:9-14:19
64            android:name="com.google.firebase.components.ComponentDiscoveryService"
64-->[:cloud_firestore] AndroidManifest.xml:10:18-89
65            android:directBootAware="true"
65-->[com.google.firebase:firebase-common:20.3.2] AndroidManifest.xml:34:13-43
66            android:exported="false" >
66-->[com.google.firebase:firebase-firestore:24.4.5] AndroidManifest.xml:18:13-37
67            <meta-data
67-->[:cloud_firestore] AndroidManifest.xml:11:13-13:85
68                android:name="com.google.firebase.components:io.flutter.plugins.firebase.firestore.FlutterFirebaseFirestoreRegistrar"
68-->[:cloud_firestore] AndroidManifest.xml:12:17-134
69                android:value="com.google.firebase.components.ComponentRegistrar" />
69-->[:cloud_firestore] AndroidManifest.xml:13:17-82
70            <meta-data
70-->[:firebase_core] AndroidManifest.xml:11:13-13:85
71                android:name="com.google.firebase.components:io.flutter.plugins.firebase.core.FlutterFirebaseCoreRegistrar"
71-->[:firebase_core] AndroidManifest.xml:12:17-124
72                android:value="com.google.firebase.components.ComponentRegistrar" />
72-->[:firebase_core] AndroidManifest.xml:13:17-82
73            <meta-data
73-->[com.google.firebase:firebase-firestore:24.4.5] AndroidManifest.xml:19:13-21:85
74                android:name="com.google.firebase.components:com.google.firebase.firestore.FirestoreRegistrar"
74-->[com.google.firebase:firebase-firestore:24.4.5] AndroidManifest.xml:20:17-111
75                android:value="com.google.firebase.components.ComponentRegistrar" />
75-->[com.google.firebase:firebase-firestore:24.4.5] AndroidManifest.xml:21:17-82
76            <meta-data
76-->[com.google.android.gms:play-services-measurement-api:21.2.1] AndroidManifest.xml:31:13-33:85
77                android:name="com.google.firebase.components:com.google.firebase.analytics.connector.internal.AnalyticsConnectorRegistrar"
77-->[com.google.android.gms:play-services-measurement-api:21.2.1] AndroidManifest.xml:32:17-139
78                android:value="com.google.firebase.components.ComponentRegistrar" />
78-->[com.google.android.gms:play-services-measurement-api:21.2.1] AndroidManifest.xml:33:17-82
79            <meta-data
79-->[com.google.firebase:firebase-installations:17.1.3] AndroidManifest.xml:17:13-19:85
80                android:name="com.google.firebase.components:com.google.firebase.installations.FirebaseInstallationsRegistrar"
80-->[com.google.firebase:firebase-installations:17.1.3] AndroidManifest.xml:18:17-127
81                android:value="com.google.firebase.components.ComponentRegistrar" />
81-->[com.google.firebase:firebase-installations:17.1.3] AndroidManifest.xml:19:17-82
82        </service>
83
84        <uses-library
84-->[androidx.window:window:1.0.0-beta04] AndroidManifest.xml:25:9-27:40
85            android:name="androidx.window.extensions"
85-->[androidx.window:window:1.0.0-beta04] AndroidManifest.xml:26:13-54
86            android:required="false" />
86-->[androidx.window:window:1.0.0-beta04] AndroidManifest.xml:27:13-37
87        <uses-library
87-->[androidx.window:window:1.0.0-beta04] AndroidManifest.xml:28:9-30:40
88            android:name="androidx.window.sidecar"
88-->[androidx.window:window:1.0.0-beta04] AndroidManifest.xml:29:13-51
89            android:required="false" />
89-->[androidx.window:window:1.0.0-beta04] AndroidManifest.xml:30:13-37
90
91        <provider
91-->[com.google.firebase:firebase-common:20.3.2] AndroidManifest.xml:25:9-30:39
92            android:name="com.google.firebase.provider.FirebaseInitProvider"
92-->[com.google.firebase:firebase-common:20.3.2] AndroidManifest.xml:26:13-77
93            android:authorities="com.example.firebase_todo.firebaseinitprovider"
93-->[com.google.firebase:firebase-common:20.3.2] AndroidManifest.xml:27:13-72
94            android:directBootAware="true"
94-->[com.google.firebase:firebase-common:20.3.2] AndroidManifest.xml:28:13-43
95            android:exported="false"
95-->[com.google.firebase:firebase-common:20.3.2] AndroidManifest.xml:29:13-37
96            android:initOrder="100" />
96-->[com.google.firebase:firebase-common:20.3.2] AndroidManifest.xml:30:13-36
97
98        <receiver
98-->[com.google.android.gms:play-services-measurement:21.2.1] AndroidManifest.xml:29:9-33:20
99            android:name="com.google.android.gms.measurement.AppMeasurementReceiver"
99-->[com.google.android.gms:play-services-measurement:21.2.1] AndroidManifest.xml:30:13-85
100            android:enabled="true"
100-->[com.google.android.gms:play-services-measurement:21.2.1] AndroidManifest.xml:31:13-35
101            android:exported="false" >
101-->[com.google.android.gms:play-services-measurement:21.2.1] AndroidManifest.xml:32:13-37
102        </receiver>
103
104        <service
104-->[com.google.android.gms:play-services-measurement:21.2.1] AndroidManifest.xml:35:9-38:40
105            android:name="com.google.android.gms.measurement.AppMeasurementService"
105-->[com.google.android.gms:play-services-measurement:21.2.1] AndroidManifest.xml:36:13-84
106            android:enabled="true"
106-->[com.google.android.gms:play-services-measurement:21.2.1] AndroidManifest.xml:37:13-35
107            android:exported="false" />
107-->[com.google.android.gms:play-services-measurement:21.2.1] AndroidManifest.xml:38:13-37
108        <service
108-->[com.google.android.gms:play-services-measurement:21.2.1] AndroidManifest.xml:39:9-43:72
109            android:name="com.google.android.gms.measurement.AppMeasurementJobService"
109-->[com.google.android.gms:play-services-measurement:21.2.1] AndroidManifest.xml:40:13-87
110            android:enabled="true"
110-->[com.google.android.gms:play-services-measurement:21.2.1] AndroidManifest.xml:41:13-35
111            android:exported="false"
111-->[com.google.android.gms:play-services-measurement:21.2.1] AndroidManifest.xml:42:13-37
112            android:permission="android.permission.BIND_JOB_SERVICE" />
112-->[com.google.android.gms:play-services-measurement:21.2.1] AndroidManifest.xml:43:13-69
113
114        <activity
114-->[com.google.android.gms:play-services-base:18.0.1] AndroidManifest.xml:20:9-22:45
115            android:name="com.google.android.gms.common.api.GoogleApiActivity"
115-->[com.google.android.gms:play-services-base:18.0.1] AndroidManifest.xml:20:19-85
116            android:exported="false"
116-->[com.google.android.gms:play-services-base:18.0.1] AndroidManifest.xml:22:19-43
117            android:theme="@android:style/Theme.Translucent.NoTitleBar" />
117-->[com.google.android.gms:play-services-base:18.0.1] AndroidManifest.xml:21:19-78
118
119        <meta-data
119-->[com.google.android.gms:play-services-basement:18.1.0] AndroidManifest.xml:21:9-23:69
120            android:name="com.google.android.gms.version"
120-->[com.google.android.gms:play-services-basement:18.1.0] AndroidManifest.xml:22:13-58
121            android:value="@integer/google_play_services_version" />
121-->[com.google.android.gms:play-services-basement:18.1.0] AndroidManifest.xml:23:13-66
122    </application>
123
124</manifest>